0 info it worked if it ends with ok
1 verbose cli [ '/usr/bin/nodejs', '/usr/bin/npm', 'install', 'xdg' ]
2 info using npm@1.3.10
3 info using node@v0.10.25
4 error Failed to parse json
4 error Unexpected token /
5 error File: /srv/mv/Dropbox/proves_webkit/llx-launchpad/llx-launchpad/package.json
6 error Failed to parse package.json data.
6 error package.json must be actual JSON, not just JavaScript.
6 error
6 error This is not a bug in npm.
6 error Tell the package author to fix their package.json file. JSON.parse
7 error System Linux 3.13.0-34-generic
8 error command "/usr/bin/nodejs" "/usr/bin/npm" "install" "xdg"
9 error cwd /srv/mv/Dropbox/proves_webkit/llx-launchpad/llx-launchpad/src
10 error node -v v0.10.25
11 error npm -v 1.3.10
12 error file /srv/mv/Dropbox/proves_webkit/llx-launchpad/llx-launchpad/package.json
13 error code EJSONPARSE
14 verbose exit [ 1, true ]
